1592775137310	mozrunner::runner	INFO	Running command: "/usr/bin/firefox" "-marionette" "-foreground" "-no-remote" "-profile" "/tmp/rust_mozprofilekaEdzj"
1592775140578	Marionette	INFO	Listening on port 41817
1592775140641	Marionette	WARN	TLS certificate errors will be ignored for this session
1592775395835	mozrunner::runner	INFO	Running command: "/usr/bin/firefox" "-marionette" "-foreground" "-no-remote" "-profile" "/tmp/rust_mozprofilewAfJ9q"
1592775398283	Marionette	INFO	Listening on port 32953
1592775398342	Marionette	WARN	TLS certificate errors will be ignored for this session
1592775414193	Marionette	INFO	Stopped listening on port 32953
1592775415824	Marionette	INFO	Stopped listening on port 41817
1592775763083	mozrunner::runner	INFO	Running command: "/usr/bin/firefox" "-marionette" "-foreground" "-no-remote" "-profile" "/tmp/rust_mozprofilePLwNq0"
1592775765306	Marionette	INFO	Listening on port 32801
1592775765391	Marionette	WARN	TLS certificate errors will be ignored for this session
1592775946535	mozrunner::runner	INFO	Running command: "/usr/bin/firefox" "-marionette" "-foreground" "-no-remote" "-profile" "/tmp/rust_mozprofileItPCH7"
1592775948858	Marionette	INFO	Listening on port 38177
1592775948952	Marionette	WARN	TLS certificate errors will be ignored for this session
1592776085465	Marionette	INFO	Stopped listening on port 38177
1592776090720	Marionette	INFO	Stopped listening on port 32801
1592776177388	mozrunner::runner	INFO	Running command: "/usr/bin/firefox" "-marionette" "-foreground" "-no-remote" "-profile" "/tmp/rust_mozprofilepQiuei"
1592776180127	Marionette	INFO	Listening on port 42149
1592776180201	Marionette	WARN	TLS certificate errors will be ignored for this session
1592776238618	mozrunner::runner	INFO	Running command: "/usr/bin/firefox" "-marionette" "-foreground" "-no-remote" "-profile" "/tmp/rust_mozprofile9W21lT"
1592776241264	Marionette	INFO	Listening on port 41803
1592776241327	Marionette	WARN	TLS certificate errors will be ignored for this session
1592776272380	mozrunner::runner	INFO	Running command: "/usr/bin/firefox" "-marionette" "-foreground" "-no-remote" "-profile" "/tmp/rust_mozprofileO3IrBg"
1592776276630	Marionette	INFO	Listening on port 35013
1592776276853	Marionette	WARN	TLS certificate errors will be ignored for this session
1592776315568	Marionette	INFO	Stopped listening on port 42149
1592776317707	Marionette	INFO	Stopped listening on port 41803
1592776418925	mozrunner::runner	INFO	Running command: "/usr/bin/firefox" "-marionette" "-foreground" "-no-remote" "-profile" "/tmp/rust_mozprofilekOCuc6"
1592776422002	Marionette	INFO	Listening on port 35851
1592776422033	Marionette	WARN	TLS certificate errors will be ignored for this session
1592776525082	Marionette	INFO	Stopped listening on port 35851
1592776526992	Marionette	INFO	Stopped listening on port 35013
1592776809803	mozrunner::runner	INFO	Running command: "/usr/bin/firefox" "-marionette" "-foreground" "-no-remote" "-profile" "/tmp/rust_mozprofileanO2hv"
1592776812722	Marionette	INFO	Listening on port 43299
1592776812812	Marionette	WARN	TLS certificate errors will be ignored for this session
1592776858319	Marionette	INFO	Stopped listening on port 43299
1592776862883	mozrunner::runner	INFO	Running command: "/usr/bin/firefox" "-marionette" "-foreground" "-no-remote" "-profile" "/tmp/rust_mozprofileraYbY6"
1592776865981	Marionette	INFO	Listening on port 35801
1592776865995	Marionette	WARN	TLS certificate errors will be ignored for this session
1592776923496	Marionette	INFO	Stopped listening on port 35801
1592777051044	mozrunner::runner	INFO	Running command: "/usr/bin/firefox" "-marionette" "-headless" "-foreground" "-no-remote" "-profile" "/tmp/rust_mozprofilemaTTF5"
*** You are running in headless mode.
1592777053986	Marionette	INFO	Listening on port 40181
1592777054054	Marionette	WARN	TLS certificate errors will be ignored for this session
1592777083273	Marionette	INFO	Stopped listening on port 40181
1592777137093	mozrunner::runner	INFO	Running command: "/usr/bin/firefox" "-marionette" "-headless" "-foreground" "-no-remote" "-profile" "/tmp/rust_mozprofiley80j4z"
*** You are running in headless mode.
1592777140156	Marionette	INFO	Listening on port 42823
1592777140203	Marionette	WARN	TLS certificate errors will be ignored for this session
1592777169517	Marionette	INFO	Stopped listening on port 42823
1592777259158	mozrunner::runner	INFO	Running command: "/usr/bin/firefox" "-marionette" "-headless" "-foreground" "-no-remote" "-profile" "/tmp/rust_mozprofileCa0bN4"
*** You are running in headless mode.
1592777261995	Marionette	INFO	Listening on port 36243
1592777262072	Marionette	WARN	TLS certificate errors will be ignored for this session
1592777290486	Marionette	INFO	Stopped listening on port 36243
1592777434998	mozrunner::runner	INFO	Running command: "/usr/bin/firefox" "-marionette" "-headless" "-foreground" "-no-remote" "-profile" "/tmp/rust_mozprofileLXJ04y"
*** You are running in headless mode.
1592777437387	Marionette	INFO	Listening on port 46701
1592777437417	Marionette	WARN	TLS certificate errors will be ignored for this session
1592777466527	Marionette	INFO	Stopped listening on port 46701
1592777534793	mozrunner::runner	INFO	Running command: "/usr/bin/firefox" "-marionette" "-headless" "-foreground" "-no-remote" "-profile" "/tmp/rust_mozprofilesTZsfZ"
*** You are running in headless mode.
1592777537348	Marionette	INFO	Listening on port 35087
1592777537401	Marionette	WARN	TLS certificate errors will be ignored for this session
1592777548709	Marionette	INFO	Stopped listening on port 35087
1592777607878	mozrunner::runner	INFO	Running command: "/usr/bin/firefox" "-marionette" "-headless" "-foreground" "-no-remote" "-profile" "/tmp/rust_mozprofileMPQg7x"
*** You are running in headless mode.
1592777610245	Marionette	INFO	Listening on port 42883
1592777610284	Marionette	WARN	TLS certificate errors will be ignored for this session
1592777621945	Marionette	INFO	Stopped listening on port 42883
1592777736376	mozrunner::runner	INFO	Running command: "/usr/bin/firefox" "-marionette" "-headless" "-foreground" "-no-remote" "-profile" "/tmp/rust_mozprofile2KgLU5"
*** You are running in headless mode.
1592777738857	Marionette	INFO	Listening on port 42783
1592777738884	Marionette	WARN	TLS certificate errors will be ignored for this session
1592777838596	Marionette	INFO	Stopped listening on port 42783
